2024-06-02 15:44:20,560 - "GARU" - Consumo risorse:       
                                    -CPU Percent     1.38%
                                    -Memory Percent  3.67%
                                    -Memory Used     294.60 MB
2024-06-02 15:45:29,244 - "GARU" - Consumo risorse:       
                                    -CPU Percent     1.48%
                                    -Memory Percent  3.68%
                                    -Memory Used     294.65 MB
2024-06-08 17:19:38,115 - "GARU" - Resources usage:       
                                    -CPU Percent     1.14%
                                    -Memory Percent  3.59%
                                    -Memory Used     287.74 MB
2024-06-08 17:21:05,358 - "GARU" - Resources usage:       
                                    -CPU Percent     1.22%
                                    -Memory Percent  3.61%
                                    -Memory Used     289.24 MB
2024-06-12 21:02:34,108 - "GARU" - Resources usage:       
                                    -CPU Percent     1.60%
                                    -Memory Percent  3.61%
                                    -Memory Used     289.45 MB
2024-06-13 00:21:58,060 - "GARU" - Resources usage:       
                                    -CPU Percent     1.69%
                                    -Memory Percent  3.61%
                                    -Memory Used     289.17 MB
2024-06-13 11:51:26,832 - "GARU" - Resources usage:       
                                    -CPU Percent     1.48%
                                    -Memory Percent  3.61%
                                    -Memory Used     289.13 MB
2024-06-13 13:09:43,588 - "GARU" - Resources usage:       
                                    -CPU Percent     1.19%
                                    -Memory Percent  3.56%
                                    -Memory Used     285.77 MB
